Protection Options for InjecTOR.exe
-----------------------------------

Macros Information
------------------
VM Macros: 0
CodeReplace Macros: 0
ENCRYPT Macros: 0
CLEAR Macros: 0


Protection Options
------------------
Anti-Debugger: Advanced
Anti-Dumpers: ENABLED
Entry Point Ofuscation: ENABLED
Resource Encryption: ENABLED
VMWare compatible: ENABLED
API-Wrapping Level: Disable
Anti-Patching: None
Metamorph Security: ENABLED
Memory Guard: ENABLED
When Debugger Found: Exit Silently
Application compression: ENABLED
Resources compression: ENABLED
SecureEngine compression: ENABLED
Anti-File Monitor: DISABLED
Anti-Registry Monitor: DISABLED
Delphi/BCB form protection: ENABLED


Virtual Machine Settings
------------------------
Number of Virtual APIs wrapped: 0
API Virtualization Level: 3
Entry Point Virtualization: 15 instructions
Multi Branch Technology: DISABLED
Virtual Machine Processor: Mutable CISC processor
Number of CPUs: 1
Opcode Type: Metamorphic - Level 2
Dynamic Opcode: 20% Dynamic


Advanced Protection Options
---------------------------
Encrypt Application: ENABLED
DLL plugin: DISABLED
Hide from PE scanners: Standard
.NET assemblies: ENABLED
Active Context: DISABLED
Add Manifest: Don't add manifest


XBundler files
--------------
No files to bundle
